20
34098790 Baravalle
21
32790866 Moreno
33786091 Vera
36900375 Ocampo
22
29477936 Francischini
23
36714588 Perazzo
32419830 Bellana
38010118 TurkoSoto
24
38380227 Menichetti
37649546 Ledesma
25
34375738 Occhi
32757425 PerezAledda
30513994 Caruso
35951783 Santelli
37542331 Albarracín
35974947 Aranda
26
32616493 Alonso
26942727 Esposito
32631539 Gonzalez
41450508 Chicchi
18861210 Villca
27
36178904 Gomez
37273740 Santise
29130380 Correa
35532465 PinEtchave
28
33907663 Gualco
29
32236740 Ubillos
38028213 Crosta
30
38031617 Accerboni
36166857 Cela
38142213 Gobbi
28408106 Avendaño
32
36087949 Bravo
37754713 Iseñ
33423119 Coronado
33116287 Guido
34
34412028 Ayvar
37753908 Rodeiro
37864636 Amato
35
13554552 Jovanovich
36
37113832 Toloza
37792163 Martin
31604852 Grau
37
35368160 Gonzalez
32605380 Elizagoyen
35204681 Benitez
38200327 Benini
38
32980931 Castillo
26816082 Veljacic
31464233 Frigerio
30603450 Vinci
39
32760802 Iglesias
37864860 Ali
40
27302142 Canteros
37605721 Allegretti
